<?xml version="1.0" encoding="UTF-8"?>
<testsuite xmlns:xsi="http://www.w3.org/2001/XMLSchema-instance" xsi:noNamespaceSchemaLocation="https://maven.apache.org/surefire/maven-surefire-plugin/xsd/surefire-test-report-3.0.xsd" version="3.0" name="com.fourcatsdev.jaxwscrudservice.AppTest" time="0.043" tests="1" errors="0" skipped="0" failures="0">
  <properties>
    <property name="java.specification.version" value="23"/>
    <property name="sun.cpu.isalist" value="amd64"/>
    <property name="sun.jnu.encoding" value="Cp1252"/>
    <property name="java.class.path" value="D:\Intelijei\emmestoque\emmestoque-app\target\test-classes;D:\Intelijei\emmestoque\emmestoque-app\target\classes;C:\Users\takan\.m2\repository\jakarta\xml\ws\jakarta.xml.ws-api\3.0.0\jakarta.xml.ws-api-3.0.0.jar;C:\Users\takan\.m2\repository\jakarta\xml\soap\jakarta.xml.soap-api\2.0.0\jakarta.xml.soap-api-2.0.0.jar;C:\Users\takan\.m2\repository\jakarta\jws\jakarta.jws-api\3.0.0\jakarta.jws-api-3.0.0.jar;C:\Users\takan\.m2\repository\com\sun\xml\ws\jaxws-rt\3.0.0\jaxws-rt-3.0.0.jar;C:\Users\takan\.m2\repository\org\glassfish\ha\ha-api\3.1.12\ha-api-3.1.12.jar;C:\Users\takan\.m2\repository\org\glassfish\external\management-api\3.2.3\management-api-3.2.3.jar;C:\Users\takan\.m2\repository\org\glassfish\gmbal\gmbal-api-only\4.0.2\gmbal-api-only-4.0.2.jar;C:\Users\takan\.m2\repository\org\jvnet\staxex\stax-ex\2.0.0\stax-ex-2.0.0.jar;C:\Users\takan\.m2\repository\com\sun\xml\stream\buffer\streambuffer\2.0.1\streambuffer-2.0.1.jar;C:\Users\takan\.m2\repository\org\jvnet\mimepull\mimepull\1.9.13\mimepull-1.9.13.jar;C:\Users\takan\.m2\repository\com\sun\xml\fastinfoset\FastInfoset\2.0.0\FastInfoset-2.0.0.jar;C:\Users\takan\.m2\repository\com\sun\mail\jakarta.mail\2.0.0\jakarta.mail-2.0.0.jar;C:\Users\takan\.m2\repository\com\sun\xml\messaging\saaj\saaj-impl\2.0.0\saaj-impl-2.0.0.jar;C:\Users\takan\.m2\repository\com\fasterxml\woodstox\woodstox-core\6.2.1\woodstox-core-6.2.1.jar;C:\Users\takan\.m2\repository\org\codehaus\woodstox\stax2-api\4.2.1\stax2-api-4.2.1.jar;C:\Users\takan\.m2\repository\com\sun\activation\jakarta.activation\2.0.0\jakarta.activation-2.0.0.jar;C:\Users\takan\.m2\repository\jakarta\annotation\jakarta.annotation-api\2.0.0\jakarta.annotation-api-2.0.0.jar;C:\Users\takan\.m2\repository\com\sun\xml\ws\jaxws-tools\3.0.0\jaxws-tools-3.0.0.jar;C:\Users\takan\.m2\repository\com\sun\xml\bind\jaxb-xjc\3.0.0\jaxb-xjc-3.0.0.jar;C:\Users\takan\.m2\repository\com\sun\xml\bind\jaxb-jxc\3.0.0\jaxb-jxc-3.0.0.jar;C:\Users\takan\.m2\repository\com\sun\xml\ws\jaxws-eclipselink-plugin\3.0.0\jaxws-eclipselink-plugin-3.0.0.jar;C:\Users\takan\.m2\repository\org\eclipse\persistence\org.eclipse.persistence.moxy\3.0.0-M2\org.eclipse.persistence.moxy-3.0.0-M2.jar;C:\Users\takan\.m2\repository\org\eclipse\persistence\org.eclipse.persistence.asm\3.0.0-M2\org.eclipse.persistence.asm-3.0.0-M2.jar;C:\Users\takan\.m2\repository\org\eclipse\persistence\org.eclipse.persistence.core\3.0.0-M2\org.eclipse.persistence.core-3.0.0-M2.jar;C:\Users\takan\.m2\repository\com\sun\xml\ws\sdo-eclipselink-plugin\3.0.0\sdo-eclipselink-plugin-3.0.0.jar;C:\Users\takan\.m2\repository\org\eclipse\persistence\org.eclipse.persistence.sdo\3.0.0-M2\org.eclipse.persistence.sdo-3.0.0-M2.jar;C:\Users\takan\.m2\repository\org\eclipse\persistence\commonj.sdo\2.1.1\commonj.sdo-2.1.1.jar;C:\Users\takan\.m2\repository\jakarta\xml\bind\jakarta.xml.bind-api\3.0.0\jakarta.xml.bind-api-3.0.0.jar;C:\Users\takan\.m2\repository\com\sun\xml\bind\jaxb-impl\3.0.2\jaxb-impl-3.0.2.jar;C:\Users\takan\.m2\repository\com\sun\xml\bind\jaxb-core\3.0.2\jaxb-core-3.0.2.jar;C:\Users\takan\.m2\repository\org\postgresql\postgresql\42.7.2\postgresql-42.7.2.jar;C:\Users\takan\.m2\repository\org\checkerframework\checker-qual\3.42.0\checker-qual-3.42.0.jar;C:\Users\takan\.m2\repository\junit\junit\4.13.1\junit-4.13.1.jar;C:\Users\takan\.m2\repository\org\hamcrest\hamcrest-core\1.3\hamcrest-core-1.3.jar;"/>
    <property name="java.vm.vendor" value="Oracle Corporation"/>
    <property name="sun.arch.data.model" value="64"/>
    <property name="user.variant" value=""/>
    <property name="java.vendor.url" value="https://java.oracle.com/"/>
    <property name="user.timezone" value="America/Manaus"/>
    <property name="os.name" value="Windows 11"/>
    <property name="java.vm.specification.version" value="23"/>
    <property name="sun.java.launcher" value="SUN_STANDARD"/>
    <property name="user.country" value="BR"/>
    <property name="sun.boot.library.path" value="C:\Users\takan\.jdks\openjdk-23.0.1\bin"/>
    <property name="sun.java.command" value="C:\Users\takan\AppData\Local\Temp\surefire2268244869054461247\surefirebooter-20241130230717783_3.jar C:\Users\takan\AppData\Local\Temp\surefire2268244869054461247 2024-11-30T23-07-16_062-jvmRun1 surefire-20241130230717783_1tmp surefire_0-20241130230717783_2tmp"/>
    <property name="jdk.debug" value="release"/>
    <property name="surefire.test.class.path" value="D:\Intelijei\emmestoque\emmestoque-app\target\test-classes;D:\Intelijei\emmestoque\emmestoque-app\target\classes;C:\Users\takan\.m2\repository\jakarta\xml\ws\jakarta.xml.ws-api\3.0.0\jakarta.xml.ws-api-3.0.0.jar;C:\Users\takan\.m2\repository\jakarta\xml\soap\jakarta.xml.soap-api\2.0.0\jakarta.xml.soap-api-2.0.0.jar;C:\Users\takan\.m2\repository\jakarta\jws\jakarta.jws-api\3.0.0\jakarta.jws-api-3.0.0.jar;C:\Users\takan\.m2\repository\com\sun\xml\ws\jaxws-rt\3.0.0\jaxws-rt-3.0.0.jar;C:\Users\takan\.m2\repository\org\glassfish\ha\ha-api\3.1.12\ha-api-3.1.12.jar;C:\Users\takan\.m2\repository\org\glassfish\external\management-api\3.2.3\management-api-3.2.3.jar;C:\Users\takan\.m2\repository\org\glassfish\gmbal\gmbal-api-only\4.0.2\gmbal-api-only-4.0.2.jar;C:\Users\takan\.m2\repository\org\jvnet\staxex\stax-ex\2.0.0\stax-ex-2.0.0.jar;C:\Users\takan\.m2\repository\com\sun\xml\stream\buffer\streambuffer\2.0.1\streambuffer-2.0.1.jar;C:\Users\takan\.m2\repository\org\jvnet\mimepull\mimepull\1.9.13\mimepull-1.9.13.jar;C:\Users\takan\.m2\repository\com\sun\xml\fastinfoset\FastInfoset\2.0.0\FastInfoset-2.0.0.jar;C:\Users\takan\.m2\repository\com\sun\mail\jakarta.mail\2.0.0\jakarta.mail-2.0.0.jar;C:\Users\takan\.m2\repository\com\sun\xml\messaging\saaj\saaj-impl\2.0.0\saaj-impl-2.0.0.jar;C:\Users\takan\.m2\repository\com\fasterxml\woodstox\woodstox-core\6.2.1\woodstox-core-6.2.1.jar;C:\Users\takan\.m2\repository\org\codehaus\woodstox\stax2-api\4.2.1\stax2-api-4.2.1.jar;C:\Users\takan\.m2\repository\com\sun\activation\jakarta.activation\2.0.0\jakarta.activation-2.0.0.jar;C:\Users\takan\.m2\repository\jakarta\annotation\jakarta.annotation-api\2.0.0\jakarta.annotation-api-2.0.0.jar;C:\Users\takan\.m2\repository\com\sun\xml\ws\jaxws-tools\3.0.0\jaxws-tools-3.0.0.jar;C:\Users\takan\.m2\repository\com\sun\xml\bind\jaxb-xjc\3.0.0\jaxb-xjc-3.0.0.jar;C:\Users\takan\.m2\repository\com\sun\xml\bind\jaxb-jxc\3.0.0\jaxb-jxc-3.0.0.jar;C:\Users\takan\.m2\repository\com\sun\xml\ws\jaxws-eclipselink-plugin\3.0.0\jaxws-eclipselink-plugin-3.0.0.jar;C:\Users\takan\.m2\repository\org\eclipse\persistence\org.eclipse.persistence.moxy\3.0.0-M2\org.eclipse.persistence.moxy-3.0.0-M2.jar;C:\Users\takan\.m2\repository\org\eclipse\persistence\org.eclipse.persistence.asm\3.0.0-M2\org.eclipse.persistence.asm-3.0.0-M2.jar;C:\Users\takan\.m2\repository\org\eclipse\persistence\org.eclipse.persistence.core\3.0.0-M2\org.eclipse.persistence.core-3.0.0-M2.jar;C:\Users\takan\.m2\repository\com\sun\xml\ws\sdo-eclipselink-plugin\3.0.0\sdo-eclipselink-plugin-3.0.0.jar;C:\Users\takan\.m2\repository\org\eclipse\persistence\org.eclipse.persistence.sdo\3.0.0-M2\org.eclipse.persistence.sdo-3.0.0-M2.jar;C:\Users\takan\.m2\repository\org\eclipse\persistence\commonj.sdo\2.1.1\commonj.sdo-2.1.1.jar;C:\Users\takan\.m2\repository\jakarta\xml\bind\jakarta.xml.bind-api\3.0.0\jakarta.xml.bind-api-3.0.0.jar;C:\Users\takan\.m2\repository\com\sun\xml\bind\jaxb-impl\3.0.2\jaxb-impl-3.0.2.jar;C:\Users\takan\.m2\repository\com\sun\xml\bind\jaxb-core\3.0.2\jaxb-core-3.0.2.jar;C:\Users\takan\.m2\repository\org\postgresql\postgresql\42.7.2\postgresql-42.7.2.jar;C:\Users\takan\.m2\repository\org\checkerframework\checker-qual\3.42.0\checker-qual-3.42.0.jar;C:\Users\takan\.m2\repository\junit\junit\4.13.1\junit-4.13.1.jar;C:\Users\takan\.m2\repository\org\hamcrest\hamcrest-core\1.3\hamcrest-core-1.3.jar;"/>
    <property name="sun.cpu.endian" value="little"/>
    <property name="user.home" value="C:\Users\takan"/>
    <property name="user.language" value="pt"/>
    <property name="java.specification.vendor" value="Oracle Corporation"/>
    <property name="java.version.date" value="2024-10-15"/>
    <property name="java.home" value="C:\Users\takan\.jdks\openjdk-23.0.1"/>
    <property name="file.separator" value="\"/>
    <property name="basedir" value="D:\Intelijei\emmestoque\emmestoque-app"/>
    <property name="java.vm.compressedOopsMode" value="Zero based"/>
    <property name="line.separator" value="&#10;"/>
    <property name="java.vm.specification.vendor" value="Oracle Corporation"/>
    <property name="java.specification.name" value="Java Platform API Specification"/>
    <property name="surefire.real.class.path" value="C:\Users\takan\AppData\Local\Temp\surefire2268244869054461247\surefirebooter-20241130230717783_3.jar"/>
    <property name="user.script" value=""/>
    <property name="sun.management.compiler" value="HotSpot 64-Bit Tiered Compilers"/>
    <property name="java.runtime.version" value="23.0.1+11-39"/>
    <property name="user.name" value="takan"/>
    <property name="stdout.encoding" value="Cp1252"/>
    <property name="path.separator" value=";"/>
    <property name="os.version" value="10.0"/>
    <property name="java.runtime.name" value="OpenJDK Runtime Environment"/>
    <property name="file.encoding" value="UTF-8"/>
    <property name="java.vm.name" value="OpenJDK 64-Bit Server VM"/>
    <property name="localRepository" value="C:\Users\takan\.m2\repository"/>
    <property name="java.vendor.url.bug" value="https://bugreport.java.com/bugreport/"/>
    <property name="java.io.tmpdir" value="C:\Users\takan\AppData\Local\Temp\"/>
    <property name="idea.version" value="2024.2.5"/>
    <property name="java.version" value="23.0.1"/>
    <property name="user.dir" value="D:\Intelijei\emmestoque\emmestoque-app"/>
    <property name="os.arch" value="amd64"/>
    <property name="java.vm.specification.name" value="Java Virtual Machine Specification"/>
    <property name="sun.os.patch.level" value=""/>
    <property name="native.encoding" value="Cp1252"/>
    <property name="java.library.path" value="C:\Users\takan\.jdks\openjdk-23.0.1\bin;C:\WINDOWS\Sun\Java\bin;C:\WINDOWS\system32;C:\WINDOWS;C:\Program Files\Common Files\Oracle\Java\javapath;C:\Program Files (x86)\Common Files\Oracle\Java\javapath;C:\WINDOWS\system32;C:\WINDOWS;C:\WINDOWS\System32\Wbem;C:\WINDOWS\System32\WindowsPowerShell\v1.0\;C:\WINDOWS\System32\OpenSSH\;C:\Program Files\dotnet\;C:\Program Files\NVIDIA Corporation\NVIDIA app\NvDLISR;C:\Program Files (x86)\NVIDIA Corporation\PhysX\Common;C:\Program Files\Git\cmd;C:\Program Files\Java\jdk-17\bin;C:\Program Files (x86)\Common Files\Oracle\Java\javapath;C:\WINDOWS\system32;C:\WINDOWS;C:\WINDOWS\System32\Wbem;C:\WINDOWS\System32\WindowsPowerShell\v1.0\;C:\WINDOWS\System32\OpenSSH\;C:\Program Files\dotnet\;C:\Program Files\NVIDIA Corporation\NVIDIA app\NvDLISR;C:\Program Files (x86)\NVIDIA Corporation\PhysX\Common;C:\Program Files\Git\cmd;C:\Users\takan\AppData\Local\Microsoft\WindowsApps;C:\Program Files (x86)\Java\jdk1.8.0_202\bin;%USERPROFILE%\AppData\Local\Microsoft\WindowsApps;;."/>
    <property name="java.vm.info" value="mixed mode, sharing"/>
    <property name="stderr.encoding" value="Cp1252"/>
    <property name="java.vendor" value="Oracle Corporation"/>
    <property name="java.vm.version" value="23.0.1+11-39"/>
    <property name="sun.io.unicode.encoding" value="UnicodeLittle"/>
    <property name="java.class.version" value="67.0"/>
  </properties>
  <testcase name="shouldAnswerWithTrue" classname="com.fourcatsdev.jaxwscrudservice.AppTest" time="0.002"/>
</testsuite>